f:\programming\autogame\build\dep\curl\lib\libcurl.dir\debug\vc120.pdb
f:\programming\autogame\build\dep\curl\lib\libcurl.dir\debug\telnet.obj
f:\programming\autogame\build\dep\curl\lib\libcurl.dir\debug\mprintf.obj
f:\programming\autogame\build\dep\curl\lib\libcurl.dir\debug\escape.obj
f:\programming\autogame\build\dep\curl\lib\libcurl.dir\debug\getenv.obj
f:\programming\autogame\build\dep\curl\lib\libcurl.dir\debug\version.obj
f:\programming\autogame\build\dep\curl\lib\libcurl.dir\debug\ldap.obj
f:\programming\autogame\build\dep\curl\lib\libcurl.dir\debug\speedcheck.obj
f:\programming\autogame\build\dep\curl\lib\libcurl.dir\debug\if2ip.obj
f:\programming\autogame\build\dep\curl\lib\libcurl.dir\debug\dict.obj
f:\programming\autogame\build\dep\curl\lib\libcurl.dir\debug\url.obj
f:\programming\autogame\build\dep\curl\lib\libcurl.dir\debug\ftp.obj
f:\programming\autogame\build\dep\curl\lib\libcurl.dir\debug\sendf.obj
f:\programming\autogame\build\dep\curl\lib\libcurl.dir\debug\http.obj
f:\programming\autogame\build\dep\curl\lib\libcurl.dir\debug\cookie.obj
f:\programming\autogame\build\dep\curl\lib\libcurl.dir\debug\formdata.obj
f:\programming\autogame\build\dep\curl\lib\libcurl.dir\debug\progress.obj
f:\programming\autogame\build\dep\curl\lib\libcurl.dir\debug\hostip.obj
f:\programming\autogame\build\dep\curl\lib\libcurl.dir\debug\base64.obj
f:\programming\autogame\build\dep\curl\lib\libcurl.dir\debug\timeval.obj
f:\programming\autogame\build\dep\curl\lib\libcurl.dir\debug\file.obj
f:\programming\autogame\build\dep\curl\lib\libcurl.dir\debug\share.obj
f:\programming\autogame\build\dep\curl\lib\libcurl.dir\debug\content_encoding.obj
f:\programming\autogame\build\dep\curl\lib\libcurl.dir\debug\multi.obj
f:\programming\autogame\build\dep\curl\lib\libcurl.dir\debug\hash.obj
f:\programming\autogame\build\dep\curl\lib\libcurl.dir\debug\llist.obj
f:\programming\autogame\build\dep\curl\lib\libcurl.dir\debug\connect.obj
f:\programming\autogame\build\dep\curl\lib\libcurl.dir\debug\strtok.obj
f:\programming\autogame\build\dep\curl\lib\libcurl.dir\debug\http_chunks.obj
f:\programming\autogame\build\dep\curl\lib\libcurl.dir\debug\memdebug.obj
f:\programming\autogame\build\dep\curl\lib\libcurl.dir\debug\krb5.obj
f:\programming\autogame\build\dep\curl\lib\libcurl.dir\debug\wildcard.obj
f:\programming\autogame\build\dep\curl\lib\libcurl.dir\debug\ftplistparser.obj
f:\programming\autogame\build\dep\curl\lib\libcurl.dir\debug\fileinfo.obj
f:\programming\autogame\build\dep\curl\lib\libcurl.dir\debug\curl_fnmatch.obj
f:\programming\autogame\build\dep\curl\lib\libcurl.dir\debug\security.obj
f:\programming\autogame\build\dep\curl\lib\libcurl.dir\debug\easy.obj
f:\programming\autogame\build\dep\curl\lib\libcurl.dir\debug\strequal.obj
f:\programming\autogame\build\dep\curl\lib\libcurl.dir\debug\transfer.obj
f:\programming\autogame\build\dep\curl\lib\libcurl.dir\debug\getinfo.obj
f:\programming\autogame\build\dep\curl\lib\libcurl.dir\debug\netrc.obj
f:\programming\autogame\build\dep\curl\lib\libcurl.dir\debug\ssh.obj
f:\programming\autogame\build\dep\curl\lib\libcurl.dir\debug\socks.obj
f:\programming\autogame\build\dep\curl\lib\libcurl.dir\debug\strdup.obj
f:\programming\autogame\build\dep\curl\lib\libcurl.dir\debug\splay.obj
f:\programming\autogame\build\dep\curl\lib\libcurl.dir\debug\tftp.obj
f:\programming\autogame\build\dep\curl\lib\libcurl.dir\debug\select.obj
f:\programming\autogame\build\dep\curl\lib\libcurl.dir\debug\parsedate.obj
f:\programming\autogame\build\dep\curl\lib\libcurl.dir\debug\inet_ntop.obj
f:\programming\autogame\build\dep\curl\lib\libcurl.dir\debug\hostsyn.obj
f:\programming\autogame\build\dep\curl\lib\libcurl.dir\debug\hostip6.obj
f:\programming\autogame\build\dep\curl\lib\libcurl.dir\debug\hostip4.obj
f:\programming\autogame\build\dep\curl\lib\libcurl.dir\debug\hostasyn.obj
f:\programming\autogame\build\dep\curl\lib\libcurl.dir\debug\amigaos.obj
f:\programming\autogame\build\dep\curl\lib\libcurl.dir\debug\strerror.obj
f:\programming\autogame\build\dep\curl\lib\libcurl.dir\debug\strtoofft.obj
f:\programming\autogame\build\dep\curl\lib\libcurl.dir\debug\inet_pton.obj
f:\programming\autogame\build\dep\curl\lib\libcurl.dir\debug\http_negotiate.obj
f:\programming\autogame\build\dep\curl\lib\libcurl.dir\debug\md5.obj
f:\programming\autogame\build\dep\curl\lib\libcurl.dir\debug\md4.obj
f:\programming\autogame\build\dep\curl\lib\libcurl.dir\debug\http_digest.obj
f:\programming\autogame\build\dep\curl\lib\libcurl.dir\debug\gopher.obj
f:\programming\autogame\build\dep\curl\lib\libcurl.dir\debug\curl_gethostname.obj
f:\programming\autogame\build\dep\curl\lib\libcurl.dir\debug\openldap.obj
f:\programming\autogame\build\dep\curl\lib\libcurl.dir\debug\curl_rtmp.obj
f:\programming\autogame\build\dep\curl\lib\libcurl.dir\debug\hmac.obj
f:\programming\autogame\build\dep\curl\lib\libcurl.dir\debug\warnless.obj
f:\programming\autogame\build\dep\curl\lib\libcurl.dir\debug\curl_threads.obj
f:\programming\autogame\build\dep\curl\lib\libcurl.dir\debug\rtsp.obj
f:\programming\autogame\build\dep\curl\lib\libcurl.dir\debug\pingpong.obj
f:\programming\autogame\build\dep\curl\lib\libcurl.dir\debug\smtp.obj
f:\programming\autogame\build\dep\curl\lib\libcurl.dir\debug\pop3.obj
f:\programming\autogame\build\dep\curl\lib\libcurl.dir\debug\imap.obj
f:\programming\autogame\build\dep\curl\lib\libcurl.dir\debug\curl_memrchr.obj
f:\programming\autogame\build\dep\curl\lib\libcurl.dir\debug\nonblock.obj
f:\programming\autogame\build\dep\curl\lib\libcurl.dir\debug\slist.obj
f:\programming\autogame\build\dep\curl\lib\libcurl.dir\debug\curl_sspi.obj
f:\programming\autogame\build\dep\curl\lib\libcurl.dir\debug\socks_sspi.obj
f:\programming\autogame\build\dep\curl\lib\libcurl.dir\debug\socks_gssapi.obj
f:\programming\autogame\build\dep\curl\lib\libcurl.dir\debug\curl_addrinfo.obj
f:\programming\autogame\build\dep\curl\lib\libcurl.dir\debug\rawstr.obj
f:\programming\autogame\build\dep\curl\lib\libcurl.dir\debug\http2.obj
f:\programming\autogame\build\dep\curl\lib\libcurl.dir\debug\x509asn1.obj
f:\programming\autogame\build\dep\curl\lib\libcurl.dir\debug\dotdot.obj
f:\programming\autogame\build\dep\curl\lib\libcurl.dir\debug\pipeline.obj
f:\programming\autogame\build\dep\curl\lib\libcurl.dir\debug\conncache.obj
f:\programming\autogame\build\dep\curl\lib\libcurl.dir\debug\bundles.obj
f:\programming\autogame\build\dep\curl\lib\libcurl.dir\debug\hostcheck.obj
f:\programming\autogame\build\dep\curl\lib\libcurl.dir\debug\curl_multibyte.obj
f:\programming\autogame\build\dep\curl\lib\libcurl.dir\debug\curl_sasl.obj
f:\programming\autogame\build\dep\curl\lib\libcurl.dir\debug\curl_ntlm_msgs.obj
f:\programming\autogame\build\dep\curl\lib\libcurl.dir\debug\curl_ntlm_core.obj
f:\programming\autogame\build\dep\curl\lib\libcurl.dir\debug\curl_ntlm_wb.obj
f:\programming\autogame\build\dep\curl\lib\libcurl.dir\debug\curl_ntlm.obj
f:\programming\autogame\build\dep\curl\lib\libcurl.dir\debug\curl_gssapi.obj
f:\programming\autogame\build\dep\curl\lib\libcurl.dir\debug\asyn-thread.obj
f:\programming\autogame\build\dep\curl\lib\libcurl.dir\debug\asyn-ares.obj
f:\programming\autogame\build\dep\curl\lib\libcurl.dir\debug\non-ascii.obj
f:\programming\autogame\build\dep\curl\lib\libcurl.dir\debug\http_proxy.obj
f:\programming\autogame\build\dep\curl\lib\libcurl.dir\debug\http_negotiate_sspi.obj
f:\programming\autogame\build\dep\curl\lib\libcurl.dir\debug\idn_win32.obj
f:\programming\autogame\build\dep\curl\lib\libcurl.dir\debug\gskit.obj
f:\programming\autogame\build\dep\curl\lib\libcurl.dir\debug\curl_darwinssl.obj
f:\programming\autogame\build\dep\curl\lib\libcurl.dir\debug\curl_schannel.obj
f:\programming\autogame\build\dep\curl\lib\libcurl.dir\debug\cyassl.obj
f:\programming\autogame\build\dep\curl\lib\libcurl.dir\debug\axtls.obj
f:\programming\autogame\build\dep\curl\lib\libcurl.dir\debug\polarssl_threadlock.obj
f:\programming\autogame\build\dep\curl\lib\libcurl.dir\debug\polarssl.obj
f:\programming\autogame\build\dep\curl\lib\libcurl.dir\debug\qssl.obj
f:\programming\autogame\build\dep\curl\lib\libcurl.dir\debug\nss.obj
f:\programming\autogame\build\dep\curl\lib\libcurl.dir\debug\vtls.obj
f:\programming\autogame\build\dep\curl\lib\libcurl.dir\debug\gtls.obj
f:\programming\autogame\build\dep\curl\lib\libcurl.dir\debug\openssl.obj
f:\programming\autogame\build\dep\curl\lib\libcurl.dir\debug\curl_sasl_sspi.obj
f:\programming\autogame\build\dep\curl\lib\cmakefiles\generate.stamp
f:\programming\autogame\build\dep\curl\lib\debug\libcurl.lib
f:\programming\autogame\build\dep\curl\lib\libcurl.dir\debug\libcurl.res
f:\programming\autogame\build\dep\curl\lib\libcurl.dir\debug\libcurl.tlog\cl.command.1.tlog
f:\programming\autogame\build\dep\curl\lib\libcurl.dir\debug\libcurl.tlog\cl.read.1.tlog
f:\programming\autogame\build\dep\curl\lib\libcurl.dir\debug\libcurl.tlog\cl.write.1.tlog
f:\programming\autogame\build\dep\curl\lib\libcurl.dir\debug\libcurl.tlog\custombuild.command.1.tlog
f:\programming\autogame\build\dep\curl\lib\libcurl.dir\debug\libcurl.tlog\custombuild.read.1.tlog
f:\programming\autogame\build\dep\curl\lib\libcurl.dir\debug\libcurl.tlog\custombuild.write.1.tlog
f:\programming\autogame\build\dep\curl\lib\libcurl.dir\debug\libcurl.tlog\lib-link-cvtres.read.1.tlog
f:\programming\autogame\build\dep\curl\lib\libcurl.dir\debug\libcurl.tlog\lib-link-cvtres.write.1.tlog
f:\programming\autogame\build\dep\curl\lib\libcurl.dir\debug\libcurl.tlog\lib.command.1.tlog
f:\programming\autogame\build\dep\curl\lib\libcurl.dir\debug\libcurl.tlog\rc.command.1.tlog
f:\programming\autogame\build\dep\curl\lib\libcurl.dir\debug\libcurl.tlog\rc.read.1.tlog
f:\programming\autogame\build\dep\curl\lib\libcurl.dir\debug\libcurl.tlog\rc.write.1.tlog
